proguard-project.txt
# To enable ProGuard in your project, edit project.properties
# to define the proguard.config property as described in that file.
#
# Add project specific ProGuard rules here.
# By default, the flags in this file are appended to flags specified
# in ${sdk.dir}/tools/proguard/proguard-android.txt
# You can edit the include path and order by changing the ProGuard
# include property in project.properties.
#
# For more details, see
#   http://developer.android.com/guide/developing/tools/proguard.html

# Add any project specific keep options here:

# If your project uses WebView with JS, uncomment the following
# and specify the fully qualified class name to the JavaScript interface
# class:
#-keepclassmembers class fqcn.of.javascript.interface.for.webview {
#   public *;
#}

-ignorewarnings						# 忽略警告，避免打包时某些警告出现 

-optimizationpasses 5  				# 指定代码的压缩级别
-dontusemixedcaseclassnames 		 # 是否使用大小写混合  
-dontskipnonpubliclibraryclasses  	# 是否混淆第三方jar
-dontpreverify  					# 混淆时是否做预校验
-verbose  							# 混淆时是否记录日志
-optimizations !code/simplification/arithmetic,!field/*,!class/merging/*  # 混淆时所采用的算法  
  
 #把所有你的jar包都申明进来
  
 #指定要处理的应用程序jar,war,ear和目录所需要的程序库文件
-libraryjars libs/adapter.jar
-libraryjars libs/android-support-v4.jar
-libraryjars libs/androideventbus-1.0.2.jar
-libraryjars libs/com.umeng.message.lib_v2.3.0.jar
-libraryjars libs/dom4j-1.6.1.jar
-libraryjars libs/GoogleAdView.jar
-libraryjars libs/httpmime-4.1.3.jar
-libraryjars libs/jid3lib-0.5.4.jar
-libraryjars libs/libGoogleAnalytics.jar
-libraryjars libs/mframework.jar
-libraryjars libs/nineoldandroids-2.4.0.jar
-libraryjars libs/pinyin4j-2.5.0.jar
-libraryjars libs/slide_activity_1.1.0.jar
-libraryjars libs/SocialSDK_QQZone_1.jar
-libraryjars libs/SocialSDK_QQZone_2.jar
-libraryjars libs/SocialSDK_QQZone_3.jar
-libraryjars libs/SocialSDK_scrshot.jar
-libraryjars libs/SocialSDK_shake.jar
-libraryjars libs/SocialSDK_WeiXin_1.jar
-libraryjars libs/SocialSDK_WeiXin_2.jar
-libraryjars libs/umeng_social_sdk.jar
-libraryjars libs/umeng-analytics-v5.5.3.jar
-libraryjars libs/universal-image-loader-1.9.5.jar
-libraryjars libs/volley.jar
-libraryjars libs/wup-1.0.0-SNAPSHOT.jar
-libraryjars libs/Xg_sdk_v2.37.jar
-libraryjars libs/xUtils-2.6.14.jar
-libraryjars libs/zxing.jar  



-dontwarn android.support.v4.** 
-dontwarn org.apache.commons.net.**
-dontwarn com.tencent.** 

#不要混淆xUtils中的注解类型
-keep class * extends java.lang.annotation.Annotation { *; }
-keep class com.lidroid.** { *; }

#保留所有具有公有访问权限的类和其公共成员
-keepclasseswithmembers class *{
    public *;
}

-keepclasseswithmembernames class * {
    native <methods>;
}

-keepclasseswithmembernames class * {
    public <init>(android.content.Context, android.util.AttributeSet);
}

-keepclasseswithmembernames class * {
    public <init>(android.content.Context, android.util.AttributeSet, int);
}

-keepclassmembers enum * {
    public static **[] values();
    public static ** valueOf(java.lang.String);
}

-keep class * implements android.os.Parcelable {
  public static final android.os.Parcelable$Creator *;
}

-keepclasseswithmembers class * {
    public <init>(android.content.Context);
}

-dontshrink
-dontoptimize
-dontwarn com.google.android.maps.**
-dontwarn android.webkit.WebView
-dontwarn com.umeng.**
-dontwarn com.tencent.weibo.sdk.**
-dontwarn com.facebook.**

-keep enum com.facebook.**
-keepattributes Exceptions,InnerClasses,Signature
-keepattributes *Annotation*
-keepattributes SourceFile,LineNumberTable

-keep public interface com.facebook.**
-keep public interface com.tencent.**

#友盟
-keep class com.umeng.socialize.sensor.**
-keep class com.umeng.scrshot.**
-keep public interface com.umeng.socialize.sensor.**
-keep public interface com.umeng.scrshot.**  


-keep public class com.umeng.socialize.* {*;}
-keep public class javax.**
-keep public class android.webkit.**

-keep class com.facebook.**
-keep class com.umeng.scrshot.**
-keep public class com.tencent.** {*;}
-keep class com.umeng.socialize.sensor.**

-keep class com.tencent.mm.sdk.openapi.WXMediaMessage {*;}

-keep class com.tencent.mm.sdk.openapi.** implements com.tencent.mm.sdk.openapi.WXMediaMessage$IMediaObject {*;}

-keep class im.yixin.sdk.api.YXMessage {*;}
-keep class im.yixin.sdk.api.** implements im.yixin.sdk.api.YXMessage$YXMessageData{*;}

-keep public class * extends android.app.Fragment 
-keep public class * extends android.app.Activity
-keep public class * extends android.app.Application
-keep public class * extends android.app.Service
-keep public class * extends android.content.BroadcastReceiver
-keep public class * extends android.content.ContentProvider
-keep public class * extends android.app.backup.BackupAgentHelper
-keep public class * extends android.preference.Preference
-keep public class * extends android.support.v4.**
-keep public class com.android.vending.licensing.ILicensingService
#保持R文件不被混淆
-keep class **.R$* {*;}