proguard/seeds.txt
com.music.lu.R$anim: int appear_bottom_right_in
com.music.lu.R$anim: int appear_bottom_right_out
com.music.lu.R$anim: int appear_top_left_in
com.music.lu.R$anim: int appear_top_left_out
com.music.lu.R$anim: int base_slide_remain
com.music.lu.R$anim: int base_slide_right_in
com.music.lu.R$anim: int base_slide_right_out
com.music.lu.R$anim: int common_btn_green
com.music.lu.R$anim: int common_btn_red
com.music.lu.R$anim: int dialog_exit_fade_out
com.music.lu.R$anim: int dialog_exit_slide_left
com.music.lu.R$anim: int dialog_exit_slide_up
com.music.lu.R$anim: int disappear_bottom_right_in
com.music.lu.R$anim: int disappear_bottom_right_out
com.music.lu.R$anim: int disappear_top_left_in
com.music.lu.R$anim: int disappear_top_left_out
com.music.lu.R$anim: int fade_in
com.music.lu.R$anim: int fade_out
com.music.lu.R$anim: int flip_horizontal_in
com.music.lu.R$anim: int flip_horizontal_out
com.music.lu.R$anim: int flip_vertical_in
com.music.lu.R$anim: int flip_vertical_out
com.music.lu.R$anim: int interpolator_cycle
com.music.lu.R$anim: int pop_enter
com.music.lu.R$anim: int pop_enter_qiege
com.music.lu.R$anim: int pop_out
com.music.lu.R$anim: int pop_out_qiege
com.music.lu.R$anim: int push_down_in
com.music.lu.R$anim: int push_down_out
com.music.lu.R$anim: int push_left_in
com.music.lu.R$anim: int push_left_out
com.music.lu.R$anim: int push_right_in
com.music.lu.R$anim: int push_right_out
com.music.lu.R$anim: int push_up_in
com.music.lu.R$anim: int push_up_out
com.music.lu.R$attr: int arrowGreenUp
com.music.lu.R$attr: int arrowRedUp
com.music.lu.R$attr: int aspect
com.music.lu.R$attr: int behindOffset
com.music.lu.R$attr: int behindScrollScale
com.music.lu.R$attr: int behindWidth
com.music.lu.R$attr: int border_inside_color
com.music.lu.R$attr: int border_outside_color
com.music.lu.R$attr: int border_thickness
com.music.lu.R$attr: int btnNormal
com.music.lu.R$attr: int btnTouched
com.music.lu.R$attr: int circleGreen
com.music.lu.R$attr: int circleNormal
com.music.lu.R$attr: int circleRed
com.music.lu.R$attr: int fadeDegree
com.music.lu.R$attr: int fadeEnabled
com.music.lu.R$attr: int line
com.music.lu.R$attr: int loadingText
com.music.lu.R$attr: int mode
com.music.lu.R$attr: int outlineColor
com.music.lu.R$attr: int outlineEnabled
com.music.lu.R$attr: int rightPadding
com.music.lu.R$attr: int rv_alpha
com.music.lu.R$attr: int rv_centered
com.music.lu.R$attr: int rv_color
com.music.lu.R$attr: int rv_framerate
com.music.lu.R$attr: int rv_rippleDuration
com.music.lu.R$attr: int rv_ripplePadding
com.music.lu.R$attr: int rv_type
com.music.lu.R$attr: int rv_zoom
com.music.lu.R$attr: int rv_zoomDuration
com.music.lu.R$attr: int rv_zoomScale
com.music.lu.R$attr: int selectorDrawable
com.music.lu.R$attr: int selectorEnabled
com.music.lu.R$attr: int shadowDrawable
com.music.lu.R$attr: int shadowWidth
com.music.lu.R$attr: int style
com.music.lu.R$attr: int touchModeAbove
com.music.lu.R$attr: int touchModeBehind
...
com.tencent.android.tpush.stat.t
com.tencent.android.tpush.stat.t: com.tencent.android.tpush.stat.ab c
com.tencent.android.tpush.stat.t: com.tencent.android.tpush.stat.ab d
com.tencent.android.tpush.stat.t: com.tencent.android.tpush.stat.a.e e
com.tencent.android.tpush.stat.t: java.lang.String f
com.tencent.android.tpush.stat.t: java.lang.String g
com.tencent.android.tpush.stat.t: int a
com.tencent.android.tpush.stat.t: com.tencent.android.tpush.stat.a.a b
com.tencent.android.tpush.stat.t: com.tencent.android.tpush.stat.a.i h
com.tencent.android.tpush.stat.t: android.content.Context i
com.tencent.android.tpush.stat.t: com.tencent.android.tpush.stat.t j
com.tencent.android.tpush.stat.t: int k
com.tencent.android.tpush.stat.t: java.util.concurrent.ConcurrentHashMap l
com.tencent.android.tpush.stat.t: boolean m
com.tencent.android.tpush.stat.t: int a()
com.tencent.android.tpush.stat.t: void f()
com.tencent.android.tpush.stat.t: boolean a(boolean)
com.tencent.android.tpush.stat.t: t(android.content.Context)
com.tencent.android.tpush.stat.t: void b(boolean)
com.tencent.android.tpush.stat.t: com.tencent.android.tpush.stat.t a(android.content.Context)
com.tencent.android.tpush.stat.t: com.tencent.android.tpush.stat.t b()
com.tencent.android.tpush.stat.t: com.tencent.android.tpush.stat.a.a b(android.content.Context)
com.tencent.android.tpush.stat.t: java.lang.String a(java.util.List)
com.tencent.android.tpush.stat.t: void a(java.util.List,boolean)
com.tencent.connect.UserInfo
com.tencent.connect.UserInfo: java.lang.String GRAPH_OPEN_ID
com.tencent.connect.UserInfo: UserInfo(android.content.Context,com.tencent.connect.auth.QQToken)
com.tencent.connect.UserInfo: UserInfo(android.content.Context,com.tencent.connect.auth.QQAuth,com.tencent.connect.auth.QQToken)
com.tencent.connect.UserInfo: void getUserInfo(com.tencent.tauth.IUiListener)
com.tencent.connect.UserInfo: void getVipUserInfo(com.tencent.tauth.IUiListener)
com.tencent.connect.UserInfo: void getVipUserRichInfo(com.tencent.tauth.IUiListener)
com.tencent.connect.UserInfo: void getTenPayAddr(com.tencent.tauth.IUiListener)
com.tencent.connect.UserInfo: void getOpenId(com.tencent.tauth.IUiListener)
com.tencent.connect.a.a
com.tencent.connect.a.a: java.lang.Class a
com.tencent.connect.a.a: java.lang.Class b
com.tencent.connect.a.a: java.lang.reflect.Method c
com.tencent.connect.a.a: java.lang.reflect.Method d
com.tencent.connect.a.a: java.lang.reflect.Method e
com.tencent.connect.a.a: java.lang.reflect.Method f
com.tencent.connect.a.a: boolean g
com.tencent.connect.a.a: boolean a(android.content.Context,com.tencent.connect.auth.QQToken)
com.tencent.connect.a.a: void b(android.content.Context,com.tencent.connect.auth.QQToken)
com.tencent.connect.a.a: void c(android.content.Context,com.tencent.connect.auth.QQToken)
com.tencent.connect.a.a: void d(android.content.Context,com.tencent.connect.auth.QQToken)
com.tencent.connect.a.a: void a(android.content.Context,com.tencent.connect.auth.QQToken,java.lang.String,java.lang.String[])
com.tencent.connect.a.a: void <clinit>()