proguard/mapping.txt
com.music.lu.BuildConfig -> com.music.a.a:
    boolean DEBUG -> a
com.music.lu.R -> com.music.a.b:
com.music.lu.R$anim -> com.music.a.b$a:
    int appear_bottom_right_in -> appear_bottom_right_in
    int appear_bottom_right_out -> appear_bottom_right_out
    int appear_top_left_in -> appear_top_left_in
    int appear_top_left_out -> appear_top_left_out
    int base_slide_remain -> base_slide_remain
    int base_slide_right_in -> base_slide_right_in
    int base_slide_right_out -> base_slide_right_out
    int common_btn_green -> common_btn_green
    int common_btn_red -> common_btn_red
    int dialog_exit_fade_out -> dialog_exit_fade_out
    int dialog_exit_slide_left -> dialog_exit_slide_left
    int dialog_exit_slide_up -> dialog_exit_slide_up
    int disappear_bottom_right_in -> disappear_bottom_right_in
    int disappear_bottom_right_out -> disappear_bottom_right_out
    int disappear_top_left_in -> disappear_top_left_in
    int disappear_top_left_out -> disappear_top_left_out
    int fade_in -> fade_in
    int fade_out -> fade_out
    int flip_horizontal_in -> flip_horizontal_in
    int flip_horizontal_out -> flip_horizontal_out
    int flip_vertical_in -> flip_vertical_in
    int flip_vertical_out -> flip_vertical_out
    int interpolator_cycle -> interpolator_cycle
    int pop_enter -> pop_enter
    int pop_enter_qiege -> pop_enter_qiege
    int pop_out -> pop_out
    int pop_out_qiege -> pop_out_qiege
    int push_down_in -> push_down_in
    int push_down_out -> push_down_out
    int push_left_in -> push_left_in
    int push_left_out -> push_left_out
com.music.lu.R$attr -> com.music.a.b$b:
    int arrowGreenUp -> arrowGreenUp
    int arrowRedUp -> arrowRedUp
    int aspect -> aspect
    int behindOffset -> behindOffset
    int behindScrollScale -> behindScrollScale
    int behindWidth -> behindWidth
    int border_inside_color -> border_inside_color
    int border_outside_color -> border_outside_color
    int border_thickness -> border_thickness
    int btnNormal -> btnNormal
    int btnTouched -> btnTouched
    int circleGreen -> circleGreen
    int circleNormal -> circleNormal
    int circleRed -> circleRed
    int fadeDegree -> fadeDegree
    int fadeEnabled -> fadeEnabled
    int line -> line
    int loadingText -> loadingText
    int mode -> mode
    int outlineColor -> outlineColor
    int outlineEnabled -> outlineEnabled
    int rightPadding -> rightPadding
    int rv_alpha -> rv_alpha
    int rv_centered -> rv_centered
    int rv_color -> rv_color
    int rv_framerate -> rv_framerate
    int rv_rippleDuration -> rv_rippleDuration
    int rv_ripplePadding -> rv_ripplePadding
    int rv_type -> rv_type
    int rv_zoom -> rv_zoom
    int rv_zoomDuration -> rv_zoomDuration
    int rv_zoomScale -> rv_zoomScale
    int selectorDrawable -> selectorDrawable
    int selectorEnabled -> selectorEnabled
    int shadowDrawable -> shadowDrawable
    int shadowWidth -> shadowWidth
    int style -> style
    int touchModeAbove -> touchModeAbove
    int touchModeBehind -> touchModeBehind
    int viewAbove -> viewAbove
...
org.farng.mp3.lyrics3.Lyrics3v1 -> org.c.a.c.l:
    java.lang.String lyric -> a
    java.lang.String getIdentifier() -> a
    void setLyric(java.lang.String) -> j
    java.lang.String getLyric() -> m
    int getSize() -> b
    boolean isSubsetOf(java.lang.Object) -> a
    void append(org.farng.mp3.AbstractMP3Tag) -> b
    boolean equals(java.lang.Object) -> equals
    java.util.Iterator iterator() -> c
    void overwrite(org.farng.mp3.AbstractMP3Tag) -> c
    void read(java.io.RandomAccessFile) -> a
    boolean seek(java.io.RandomAccessFile) -> f
    java.lang.String toString() -> toString
    void write(org.farng.mp3.AbstractMP3Tag) -> d
    void write(java.io.RandomAccessFile) -> b
    java.lang.String getSongTitle() -> d
    java.lang.String getLeadArtist() -> e
    java.lang.String getAlbumTitle() -> f
    java.lang.String getYearReleased() -> g
    java.lang.String getSongComment() -> h
    java.lang.String getSongGenre() -> i
    java.lang.String getTrackNumberOnAlbum() -> j
    java.lang.String getSongLyric() -> k
    java.lang.String getAuthorComposer() -> l
    void setSongTitle(java.lang.String) -> a
    void setLeadArtist(java.lang.String) -> b
    void setAlbumTitle(java.lang.String) -> c
    void setYearReleased(java.lang.String) -> d
    void setSongComment(java.lang.String) -> e
    void setSongGenre(java.lang.String) -> f
    void setTrackNumberOnAlbum(java.lang.String) -> g
    void setSongLyric(java.lang.String) -> h
org.farng.mp3.lyrics3.Lyrics3v1Iterator -> org.c.a.c.m:
    org.farng.mp3.lyrics3.Lyrics3v1 tag -> a
    int lastIndex -> b
    int removeIndex -> c
    boolean hasNext() -> hasNext
    java.lang.Object next() -> next
    void remove() -> remove
org.farng.mp3.lyrics3.Lyrics3v2 -> org.c.a.c.n:
    java.util.Map fieldMap -> a
    void setField(org.farng.mp3.lyrics3.Lyrics3v2Field) -> a
    org.farng.mp3.lyrics3.Lyrics3v2Field getField(java.lang.String) -> j
    int getFieldCount() -> m
    java.lang.String getIdentifier() -> a
    int getSize() -> b
    void append(org.farng.mp3.AbstractMP3Tag) -> b
    boolean equals(java.lang.Object) -> equals
    boolean hasField(java.lang.String) -> k
    java.util.Iterator iterator() -> c
    void overwrite(org.farng.mp3.AbstractMP3Tag) -> c
    void read(java.io.RandomAccessFile) -> a
    void removeField(java.lang.String) -> l
    boolean seek(java.io.RandomAccessFile) -> f
    java.lang.String toString() -> toString
    void updateField(java.lang.String) -> m
    void write(org.farng.mp3.AbstractMP3Tag) -> d
    void write(java.io.RandomAccessFile) -> b
    int seekSize(java.io.RandomAccessFile) -> g
    java.lang.String getSongTitle() -> d
    java.lang.String getLeadArtist() -> e
    java.lang.String getAlbumTitle() -> f
    java.lang.String getYearReleased() -> g
    java.lang.String getSongComment() -> h
    java.lang.String getSongGenre() -> i
    java.lang.String getTrackNumberOnAlbum() -> j
    java.lang.String getSongLyric() -> k
    java.lang.String getAuthorComposer() -> l
    void setSongTitle(java.lang.String) -> a
    void setLeadArtist(java.lang.String) -> b
    void setAlbumTitle(java.lang.String) -> c
    void setYearReleased(java.lang.String) -> d
org.farng.mp3.lyrics3.Lyrics3v2Field -> org.c.a.c.o:
    java.lang.String getIdentifier() -> a
    int getSize() -> b
    void read(java.io.RandomAccessFile) -> a
    java.lang.String toString() -> toString
    void write(java.io.RandomAccessFile) -> b
    org.farng.mp3.lyrics3.AbstractLyrics3v2FieldBody readBody(java.lang.String,java.io.RandomAccessFile) -> a